Log file open, 12/10/20 18:58:30
LogD3D11RHI: Loaded GFSDK_Aftermath_Lib.x64.dll
LogInit: Using libcurl 7.55.1-DEV
LogInit:  - built for x86_64-pc-win32
LogInit:  - supports SSL with OpenSSL/1.1.1
LogInit:  - supports HTTP deflate (compression) using libz 1.2.8
LogInit:  - other features:
LogInit:      CURL_VERSION_SSL
LogInit:      CURL_VERSION_LIBZ
LogInit:      CURL_VERSION_IPV6
LogInit:      CURL_VERSION_ASYNCHDNS
LogInit:      CURL_VERSION_LARGEFILE
LogInit:      CURL_VERSION_IDN
LogInit:  CurlRequestOptions (configurable via config and command line):
LogInit:  - bVerifyPeer = true  - Libcurl will verify peer certificate
LogInit:  - bUseHttpProxy = false  - Libcurl will NOT use HTTP proxy
LogInit:  - bDontReuseConnections = false  - Libcurl will reuse connections
LogInit:  - MaxHostConnections = 16  - Libcurl will limit the number of connections to a host
LogInit:  - LocalHostAddr = Default
LogInit:  - BufferSize = 65536
LogInit: WinSock: version 1.1 (2.2), MaxSocks=32767, MaxUdp=65467
LogInit: Build: ++UE4+Release-4.24-CL-0
LogInit: Engine Version: 4.24.3-0+++UE4+Release-4.24
LogInit: Compatible Engine Version: 4.24.0-0+++UE4+Release-4.24
LogInit: Net CL: 0
LogInit: OS: Windows 10 (Release 2004) (), CPU: AMD Ryzen 5 3600 6-Core Processor              , GPU: Radeon RX 570 Series
LogInit: Compiled (64-bit): Sep 15 2020 18:19:18
LogInit: Compiled with Visual C++: 19.16.27034.00
LogInit: Build Configuration: Shipping
LogInit: Branch Name: ++UE4+Release-4.24
LogInit: Command Line:  -Windowed -ResX=924 -ResY=520 WinX=0 WinY=0 -PREVIEW_QUALITY 0 -JOIN_PREVIEW 219C948E4F0E7DCB2593D7B99ADED2CB -PREVIEW_USERNAME Bot1 -ENV=Prod -LAUNCHER_VERSION=1.10.37.0
LogInit: Base Directory: C:/ProgramData/Manticore Games/Core/Platform/Binaries/Win64/
LogInit: Installed Engine Build: 1
LogInit: Presizing for max 2097152 objects, including 1 objects not considered by GC, pre-allocating 0 bytes for permanent pool.
LogInit: Object subsystem initialized
[2020.12.11-00.58.30:832][  0]LogInit: Selected Device Profile: [WindowsNoEditor]
[2020.12.11-00.58.30:832][  0]LogInit: Applying CVar settings loaded from the selected device profile: [WindowsNoEditor]
[2020.12.11-00.58.30:835][  0]LogInit: Going up to parent DeviceProfile [Windows]
[2020.12.11-00.58.30:835][  0]LogInit: Going up to parent DeviceProfile []
[2020.12.11-00.58.30:835][  0]LogInit: CPU Page size=4096, Cores=6
[2020.12.11-00.58.30:835][  0]LogInit: High frequency timer resolution =10.000000 MHz
[2020.12.11-00.58.30:835][  0]LogMemory: Platform Memory Stats for WindowsNoEditor
[2020.12.11-00.58.30:835][  0]LogMemory: Process Physical Memory: 149.63 MB used, 149.64 MB peak
[2020.12.11-00.58.30:835][  0]LogMemory: Process Virtual Memory: 128.39 MB used, 128.39 MB peak
[2020.12.11-00.58.30:835][  0]LogMemory: Physical Memory: 6841.18 MB used,  1301.16 MB free, 8142.34 MB total
[2020.12.11-00.58.30:835][  0]LogMemory: Virtual Memory: 4595.03 MB used,  134213136.00 MB free, 134217728.00 MB total
[2020.12.11-00.58.30:865][  0]LogInit: Using OS detected language (en-US).
[2020.12.11-00.58.30:865][  0]LogInit: Using OS detected locale (en-US).
[2020.12.11-00.58.30:885][  0]LogInit: Setting process to per monitor DPI aware
[2020.12.11-00.58.30:915][  0]LogD3D11RHI: D3D11 min allowed feature level: 11_0
[2020.12.11-00.58.30:915][  0]LogD3D11RHI: D3D11 max allowed feature level: 11_0
[2020.12.11-00.58.30:915][  0]LogD3D11RHI: D3D11 adapters:
[2020.12.11-00.58.30:939][  0]LogD3D11RHI:    0. 'Radeon RX 570 Series' (Feature Level 11_0)
[2020.12.11-00.58.30:939][  0]LogD3D11RHI:       4041/0/4071 MB DedicatedVideo/DedicatedSystem/SharedSystem, Outputs:2, VendorId:0x1002
[2020.12.11-00.58.30:942][  0]LogD3D11RHI:    1. 'Microsoft Basic Render Driver' (Feature Level 11_0)
[2020.12.11-00.58.30:942][  0]LogD3D11RHI:       0/0/4071 MB DedicatedVideo/DedicatedSystem/SharedSystem, Outputs:0, VendorId:0x1414
[2020.12.11-00.58.30:942][  0]LogD3D11RHI: Chosen D3D11 Adapter: 0
[2020.12.11-00.58.30:953][  0]LogD3D11RHI: Creating new Direct3DDevice
[2020.12.11-00.58.30:953][  0]LogD3D11RHI:     GPU DeviceId: 0x67df (for the marketing name, search the web for "GPU Device Id")
[2020.12.11-00.58.30:955][  0]LogD3D11RHI:     Adapter Name: Radeon RX 570 Series
[2020.12.11-00.58.30:955][  0]LogD3D11RHI:   Driver Version: Adrenalin 19.20 (internal:26.20.12028.2, unified:26.20.12028.2)
[2020.12.11-00.58.30:955][  0]LogD3D11RHI:      Driver Date: 8-16-2019
[2020.12.11-00.58.30:955][  0]LogRHI: Texture pool is 2828 MB (70% of 4041 MB)
[2020.12.11-00.58.31:004][  0]LogD3D11RHI: RHI does not have support for 64 bit atomics
[2020.12.11-00.58.31:004][  0]LogD3D11RHI: Async texture creation enabled
[2020.12.11-00.58.31:014][  0]LogD3D11RHI: GPU Timing Frequency: 25.000000 (Debug: 2 1)
[2020.12.11-00.58.31:147][  0]LogInit: Using OS detected language (en-US).
[2020.12.11-00.58.31:147][  0]LogInit: Using OS detected locale (en-US).
[2020.12.11-00.58.31:640][  0]LogInit: Selected Device Profile: [WindowsNoEditor]
[2020.12.11-00.58.31:661][  0]LogNetVersion: Platform 1.0.0, NetCL: 0, EngineNetVer: 13, GameNetVer: 0 (Checksum: 379290945)
[2020.12.11-00.58.31:833][  0]PlatformStorage: Migrating GlobalInputOverrides
[2020.12.11-00.58.32:006][  0]PlatformStorage: Verbose: Reading ../../../Platform/Config/ directory structure took 6.992400ms
[2020.12.11-00.58.32:006][  0]PlatformStorage: Verbose: Lambda: OnComplete took 0.008600ms
[2020.12.11-00.58.32:006][  0]PlatformStorage: Verbose: Lambda: OnComplete took 0.001400ms
[2020.12.11-00.58.32:006][  0]LogEngine: Initializing Engine...
[2020.12.11-00.58.32:350][  0]LogInit: Initializing FReadOnlyCVARCache
[2020.12.11-00.58.32:410][  0]LogInit: FAudioDevice initialized.
[2020.12.11-00.58.32:411][  0]LogNetVersion: Set ProjectVersion to 1.0.0.0. Version Checksum will be recalculated on next use.
[2020.12.11-00.58.32:411][  0]LogInit: Texture streaming: Enabled
[2020.12.11-00.58.32:886][  0]PlatformInit: Display: Platform Build Version: 1.0.170-prod-s
[2020.12.11-00.58.33:055][  0]LogInit: Display: Game Engine Initialized.
[2020.12.11-00.58.33:060][  0]LogInit: Display: Starting Game.
[2020.12.11-00.58.33:060][  0]LogNet: Browse: /Game/Levels/Main?Name=Player
[2020.12.11-00.58.33:063][  0]LogLoad: LoadMap: /Game/Levels/Main?Name=Player
[2020.12.11-00.58.33:063][  0]LogWorld: BeginTearingDown for /Temp/Untitled_28
[2020.12.11-00.58.33:063][  0]LogWorld: UWorld::CleanupWorld for Untitled, bSessionEnded=true, bCleanupResources=true
[2020.12.11-00.58.33:102][  0]LogLoad: Game class is 'bp_MainGameMode_C'
[2020.12.11-00.58.33:103][  0]LogWorld: Bringing World /Game/Levels/Main.Main up for play (max tick rate 30) at 2020.12.10-18.58.33
[2020.12.11-00.58.33:103][  0]LogWorld: Bringing up level for play took: 0.000295
[2020.12.11-00.58.33:107][  0]LogLoad: Took 0.044210 seconds to LoadMap(/Game/Levels/Main)
[2020.12.11-00.58.33:107][  0]LogLoad: (Engine Initialization) Total time: 2.86 seconds
[2020.12.11-00.58.34:881][ 51]LogNet: Browse: 127.0.0.1//Game/Levels/CreateMap?ClientVersion=1.0.170-prod-s?ReservationToken=219C948E4F0E7DCB2593D7B99ADED2CB
[2020.12.11-00.58.34:882][ 51]LogInit: WinSock: Socket queue. Rx: 32768 (config 32768) Tx: 32768 (config 32768)
[2020.12.11-00.58.34:882][ 51]LogNet: Game client on port 7777, rate 1000000
[2020.12.11-00.58.34:948][ 53]LogNetVersion: Platform 1.0.0.0, NetCL: 0, EngineNetVer: 13, GameNetVer: 0 (Checksum: 2276302837)
[2020.12.11-00.58.34:948][ 53]LogNet: UPendingNetGame::SendInitialJoin: Sending hello. [UNetConnection] RemoteAddr: 127.0.0.1:7777, Name: CoreConnection_0, Driver: PendingNetDriver CoreNetDriver_0, IsServer: NO, PC: NULL, Owner: NULL, UniqueId: INVALID
[2020.12.11-00.58.35:014][ 55]LogNet: Welcomed by server (Level: /Game/Levels/CreateMap, Game: /Game/GameFramework/bp_CreateGameMode.bp_CreateGameMode_C)
[2020.12.11-00.58.35:015][ 55]LogLoad: LoadMap: 127.0.0.1//Game/Levels/CreateMap?ClientVersion=1.0.170-prod-s?ReservationToken=219C948E4F0E7DCB2593D7B99ADED2CB?game=/Game/GameFramework/bp_CreateGameMode.bp_CreateGameMode_C
[2020.12.11-00.58.35:015][ 55]LogWorld: BeginTearingDown for /Game/Levels/Main
[2020.12.11-00.58.35:015][ 55]LogWorld: UWorld::CleanupWorld for Main, bSessionEnded=true, bCleanupResources=true
[2020.12.11-00.58.35:598][ 55]LogWorld: Bringing World /Game/Levels/CreateMap.CreateMap up for play (max tick rate 30) at 2020.12.10-18.58.35
[2020.12.11-00.58.35:603][ 55]LogWorld: Bringing up level for play took: 0.013333
[2020.12.11-00.58.35:603][ 55]LogLoad: Took 0.588025 seconds to LoadMap(/Game/Levels/CreateMap)
[2020.12.11-00.58.47:078][335]LogEngine: All Windows Closed
[2020.12.11-00.58.47:078][335]LogExit: RequestExit(0, 0, 000000000391DA72)
[2020.12.11-00.58.47:083][336]LogInit: Display: PreExit Game.
[2020.12.11-00.58.47:084][336]LogWorld: BeginTearingDown for /Game/Levels/CreateMap
[2020.12.11-00.58.47:084][336]LogNet: World NetDriver shutdown CoreNetDriver_0 [GameNetDriver]
[2020.12.11-00.58.47:084][336]LogNet: DestroyNamedNetDriver CoreNetDriver_0 [GameNetDriver]
[2020.12.11-00.58.47:105][336]LogNet: UNetConnection::Close: [UNetConnection] RemoteAddr: 127.0.0.1:7777, Name: CoreConnection_0, Driver: GameNetDriver CoreNetDriver_0, IsServer: NO, PC: PFPlayerController_0, Owner: PFPlayerController_0, UniqueId: NULL:<Redacted>, Channels: 15, Time: 2020.12.11-00.58.47
[2020.12.11-00.58.47:119][336]LogNet: UChannel::Close: Sending CloseBunch. ChIndex == 0. Name: [UChannel] ChIndex: 0, Closing: 0 [UNetConnection] RemoteAddr: 127.0.0.1:7777, Name: CoreConnection_0, Driver: GameNetDriver CoreNetDriver_0, IsServer: NO, PC: PFPlayerController_0, Owner: PFPlayerController_0, UniqueId: NULL:<Redacted>
[2020.12.11-00.58.47:147][336]LogExit: GameNetDriver CoreNetDriver_0 shut down
[2020.12.11-00.58.47:217][336]LogWorld: UWorld::CleanupWorld for CreateMap, bSessionEnded=true, bCleanupResources=true
[2020.12.11-00.58.48:013][336]LogExit: Preparing to exit.
[2020.12.11-00.58.48:041][336]LogExit: Game engine shut down
[2020.12.11-00.58.48:186][336]LogExit: Object subsystem successfully closed.
[2020.12.11-00.58.48:434][336]LogD3D11RHI: Shutdown
[2020.12.11-00.58.48:434][336]LogD3D11RHI: CleanupD3DDevice
[2020.12.11-00.58.48:533][336]LogExit: Exiting.
[2020.12.11-00.58.48:546][336]Log file closed, 12/10/20 18:58:48
