Log file open, 12/10/20 18:58:30
LogD3D11RHI: Loaded GFSDK_Aftermath_Lib.x64.dll
LogInit: Using libcurl 7.55.1-DEV
LogInit:  - built for x86_64-pc-win32
LogInit:  - supports SSL with OpenSSL/1.1.1
LogInit:  - supports HTTP deflate (compression) using libz 1.2.8
LogInit:  - other features:
LogInit:      CURL_VERSION_SSL
LogInit:      CURL_VERSION_LIBZ
LogInit:      CURL_VERSION_IPV6
LogInit:      CURL_VERSION_ASYNCHDNS
LogInit:      CURL_VERSION_LARGEFILE
LogInit:      CURL_VERSION_IDN
LogInit:  CurlRequestOptions (configurable via config and command line):
LogInit:  - bVerifyPeer = true  - Libcurl will verify peer certificate
LogInit:  - bUseHttpProxy = false  - Libcurl will NOT use HTTP proxy
LogInit:  - bDontReuseConnections = false  - Libcurl will reuse connections
LogInit:  - MaxHostConnections = 16  - Libcurl will limit the number of connections to a host
LogInit:  - LocalHostAddr = Default
LogInit:  - BufferSize = 65536
LogInit: WinSock: version 1.1 (2.2), MaxSocks=32767, MaxUdp=65467
LogInit: Build: ++UE4+Release-4.24-CL-0
LogInit: Engine Version: 4.24.3-0+++UE4+Release-4.24
LogInit: Compatible Engine Version: 4.24.0-0+++UE4+Release-4.24
LogInit: Net CL: 0
LogInit: OS: Windows 10 (Release 2004) (), CPU: AMD Ryzen 5 3600 6-Core Processor              , GPU: Radeon RX 570 Series
LogInit: Compiled (64-bit): Sep 15 2020 18:19:18
LogInit: Compiled with Visual C++: 19.16.27034.00
LogInit: Build Configuration: Shipping
LogInit: Branch Name: ++UE4+Release-4.24
LogInit: Command Line:  -Windowed -ResX=924 -ResY=520 WinX=0 WinY=520 -PREVIEW_QUALITY 0 -JOIN_PREVIEW 219C948E4F0E7DCB2593D7B99ADED2CB -PREVIEW_USERNAME Bot3 -ENV=Prod -LAUNCHER_VERSION=1.10.37.0
LogInit: Base Directory: C:/ProgramData/Manticore Games/Core/Platform/Binaries/Win64/
LogInit: Installed Engine Build: 1
LogInit: Presizing for max 2097152 objects, including 1 objects not considered by GC, pre-allocating 0 bytes for permanent pool.
LogInit: Object subsystem initialized
[2020.12.11-00.58.30:323][  0]LogInit: Selected Device Profile: [WindowsNoEditor]
[2020.12.11-00.58.30:323][  0]LogInit: Applying CVar settings loaded from the selected device profile: [WindowsNoEditor]
[2020.12.11-00.58.30:325][  0]LogInit: Going up to parent DeviceProfile [Windows]
[2020.12.11-00.58.30:325][  0]LogInit: Going up to parent DeviceProfile []
[2020.12.11-00.58.30:325][  0]LogInit: CPU Page size=4096, Cores=6
[2020.12.11-00.58.30:325][  0]LogInit: High frequency timer resolution =10.000000 MHz
[2020.12.11-00.58.30:325][  0]LogMemory: Platform Memory Stats for WindowsNoEditor
[2020.12.11-00.58.30:325][  0]LogMemory: Process Physical Memory: 149.68 MB used, 149.68 MB peak
[2020.12.11-00.58.30:325][  0]LogMemory: Process Virtual Memory: 128.42 MB used, 128.42 MB peak
[2020.12.11-00.58.30:325][  0]LogMemory: Physical Memory: 6799.15 MB used,  1343.20 MB free, 8142.34 MB total
[2020.12.11-00.58.30:325][  0]LogMemory: Virtual Memory: 4595.03 MB used,  134213136.00 MB free, 134217728.00 MB total
[2020.12.11-00.58.30:336][  0]LogInit: Using OS detected language (en-US).
[2020.12.11-00.58.30:336][  0]LogInit: Using OS detected locale (en-US).
[2020.12.11-00.58.30:360][  0]LogInit: Setting process to per monitor DPI aware
[2020.12.11-00.58.30:398][  0]LogD3D11RHI: D3D11 min allowed feature level: 11_0
[2020.12.11-00.58.30:398][  0]LogD3D11RHI: D3D11 max allowed feature level: 11_0
[2020.12.11-00.58.30:398][  0]LogD3D11RHI: D3D11 adapters:
[2020.12.11-00.58.30:440][  0]LogD3D11RHI:    0. 'Radeon RX 570 Series' (Feature Level 11_0)
[2020.12.11-00.58.30:440][  0]LogD3D11RHI:       4041/0/4071 MB DedicatedVideo/DedicatedSystem/SharedSystem, Outputs:2, VendorId:0x1002
[2020.12.11-00.58.30:443][  0]LogD3D11RHI:    1. 'Microsoft Basic Render Driver' (Feature Level 11_0)
[2020.12.11-00.58.30:443][  0]LogD3D11RHI:       0/0/4071 MB DedicatedVideo/DedicatedSystem/SharedSystem, Outputs:0, VendorId:0x1414
[2020.12.11-00.58.30:443][  0]LogD3D11RHI: Chosen D3D11 Adapter: 0
[2020.12.11-00.58.30:455][  0]LogD3D11RHI: Creating new Direct3DDevice
[2020.12.11-00.58.30:456][  0]LogD3D11RHI:     GPU DeviceId: 0x67df (for the marketing name, search the web for "GPU Device Id")
[2020.12.11-00.58.30:458][  0]LogD3D11RHI:     Adapter Name: Radeon RX 570 Series
[2020.12.11-00.58.30:458][  0]LogD3D11RHI:   Driver Version: Adrenalin 19.20 (internal:26.20.12028.2, unified:26.20.12028.2)
[2020.12.11-00.58.30:458][  0]LogD3D11RHI:      Driver Date: 8-16-2019
[2020.12.11-00.58.30:458][  0]LogRHI: Texture pool is 2828 MB (70% of 4041 MB)
[2020.12.11-00.58.30:523][  0]LogD3D11RHI: RHI does not have support for 64 bit atomics
[2020.12.11-00.58.30:523][  0]LogD3D11RHI: Async texture creation enabled
[2020.12.11-00.58.30:533][  0]LogD3D11RHI: GPU Timing Frequency: 25.000000 (Debug: 2 1)
[2020.12.11-00.58.30:673][  0]LogInit: Using OS detected language (en-US).
[2020.12.11-00.58.30:673][  0]LogInit: Using OS detected locale (en-US).
[2020.12.11-00.58.31:026][  0]LogInit: Selected Device Profile: [WindowsNoEditor]
[2020.12.11-00.58.31:042][  0]LogNetVersion: Platform 1.0.0, NetCL: 0, EngineNetVer: 13, GameNetVer: 0 (Checksum: 379290945)
[2020.12.11-00.58.31:142][  0]PlatformStorage: Migrating GlobalInputOverrides
[2020.12.11-00.58.31:280][  0]PlatformStorage: Verbose: Reading ../../../Platform/Config/ directory structure took 6.944900ms
[2020.12.11-00.58.31:280][  0]PlatformStorage: Verbose: Lambda: OnComplete took 0.005200ms
[2020.12.11-00.58.31:280][  0]PlatformStorage: Verbose: Lambda: OnComplete took 0.002300ms
[2020.12.11-00.58.31:280][  0]LogEngine: Initializing Engine...
[2020.12.11-00.58.31:520][  0]LogInit: Initializing FReadOnlyCVARCache
[2020.12.11-00.58.31:580][  0]LogInit: FAudioDevice initialized.
[2020.12.11-00.58.31:580][  0]LogNetVersion: Set ProjectVersion to 1.0.0.0. Version Checksum will be recalculated on next use.
[2020.12.11-00.58.31:580][  0]LogInit: Texture streaming: Enabled
[2020.12.11-00.58.32:285][  0]PlatformInit: Display: Platform Build Version: 1.0.170-prod-s
[2020.12.11-00.58.32:570][  0]LogInit: Display: Game Engine Initialized.
[2020.12.11-00.58.32:579][  0]LogInit: Display: Starting Game.
[2020.12.11-00.58.32:579][  0]LogNet: Browse: /Game/Levels/Main?Name=Player
[2020.12.11-00.58.32:583][  0]LogLoad: LoadMap: /Game/Levels/Main?Name=Player
[2020.12.11-00.58.32:583][  0]LogWorld: BeginTearingDown for /Temp/Untitled_28
[2020.12.11-00.58.32:584][  0]LogWorld: UWorld::CleanupWorld for Untitled, bSessionEnded=true, bCleanupResources=true
[2020.12.11-00.58.32:649][  0]LogLoad: Game class is 'bp_MainGameMode_C'
[2020.12.11-00.58.32:650][  0]LogWorld: Bringing World /Game/Levels/Main.Main up for play (max tick rate 30) at 2020.12.10-18.58.32
[2020.12.11-00.58.32:650][  0]LogWorld: Bringing up level for play took: 0.000663
[2020.12.11-00.58.32:659][  0]LogLoad: Took 0.076030 seconds to LoadMap(/Game/Levels/Main)
[2020.12.11-00.58.32:659][  0]LogLoad: (Engine Initialization) Total time: 2.94 seconds
[2020.12.11-00.58.34:556][ 54]LogNet: Browse: 127.0.0.1//Game/Levels/CreateMap?ClientVersion=1.0.170-prod-s?ReservationToken=219C948E4F0E7DCB2593D7B99ADED2CB
[2020.12.11-00.58.34:556][ 54]LogInit: WinSock: Socket queue. Rx: 32768 (config 32768) Tx: 32768 (config 32768)
[2020.12.11-00.58.34:601][ 54]LogNet: Game client on port 7777, rate 1000000
[2020.12.11-00.58.34:754][ 57]LogNetVersion: Platform 1.0.0.0, NetCL: 0, EngineNetVer: 13, GameNetVer: 0 (Checksum: 2276302837)
[2020.12.11-00.58.34:754][ 57]LogNet: UPendingNetGame::SendInitialJoin: Sending hello. [UNetConnection] RemoteAddr: 127.0.0.1:7777, Name: CoreConnection_0, Driver: PendingNetDriver CoreNetDriver_0, IsServer: NO, PC: NULL, Owner: NULL, UniqueId: INVALID
[2020.12.11-00.58.34:851][ 59]LogNet: Welcomed by server (Level: /Game/Levels/CreateMap, Game: /Game/GameFramework/bp_CreateGameMode.bp_CreateGameMode_C)
[2020.12.11-00.58.34:851][ 59]LogLoad: LoadMap: 127.0.0.1//Game/Levels/CreateMap?ClientVersion=1.0.170-prod-s?ReservationToken=219C948E4F0E7DCB2593D7B99ADED2CB?game=/Game/GameFramework/bp_CreateGameMode.bp_CreateGameMode_C
[2020.12.11-00.58.34:851][ 59]LogWorld: BeginTearingDown for /Game/Levels/Main
[2020.12.11-00.58.34:852][ 59]LogWorld: UWorld::CleanupWorld for Main, bSessionEnded=true, bCleanupResources=true
[2020.12.11-00.58.35:599][ 59]LogWorld: Bringing World /Game/Levels/CreateMap.CreateMap up for play (max tick rate 30) at 2020.12.10-18.58.35
[2020.12.11-00.58.35:604][ 59]LogWorld: Bringing up level for play took: 0.014241
[2020.12.11-00.58.35:604][ 59]LogLoad: Took 0.752734 seconds to LoadMap(/Game/Levels/CreateMap)
[2020.12.11-00.58.51:737][469]LogEngine: All Windows Closed
[2020.12.11-00.58.51:737][469]LogExit: RequestExit(0, 0, 000000000391DA72)
[2020.12.11-00.58.51:741][470]LogInit: Display: PreExit Game.
[2020.12.11-00.58.51:742][470]LogWorld: BeginTearingDown for /Game/Levels/CreateMap
[2020.12.11-00.58.51:742][470]LogNet: World NetDriver shutdown CoreNetDriver_0 [GameNetDriver]
[2020.12.11-00.58.51:742][470]LogNet: DestroyNamedNetDriver CoreNetDriver_0 [GameNetDriver]
[2020.12.11-00.58.51:742][470]LogNet: UNetConnection::Close: [UNetConnection] RemoteAddr: 127.0.0.1:7777, Name: CoreConnection_0, Driver: GameNetDriver CoreNetDriver_0, IsServer: NO, PC: PFPlayerController_0, Owner: PFPlayerController_0, UniqueId: NULL:<Redacted>, Channels: 13, Time: 2020.12.11-00.58.51
[2020.12.11-00.58.51:742][470]LogNet: UChannel::Close: Sending CloseBunch. ChIndex == 0. Name: [UChannel] ChIndex: 0, Closing: 0 [UNetConnection] RemoteAddr: 127.0.0.1:7777, Name: CoreConnection_0, Driver: GameNetDriver CoreNetDriver_0, IsServer: NO, PC: PFPlayerController_0, Owner: PFPlayerController_0, UniqueId: NULL:<Redacted>
[2020.12.11-00.58.51:742][470]LogExit: GameNetDriver CoreNetDriver_0 shut down
[2020.12.11-00.58.51:743][470]LogWorld: UWorld::CleanupWorld for CreateMap, bSessionEnded=true, bCleanupResources=true
[2020.12.11-00.58.52:290][470]LogExit: Preparing to exit.
[2020.12.11-00.58.52:309][470]LogExit: Game engine shut down
[2020.12.11-00.58.52:403][470]LogExit: Object subsystem successfully closed.
[2020.12.11-00.58.52:441][470]LogD3D11RHI: Shutdown
[2020.12.11-00.58.52:441][470]LogD3D11RHI: CleanupD3DDevice
[2020.12.11-00.58.52:445][470]LogExit: Exiting.
[2020.12.11-00.58.52:494][470]Log file closed, 12/10/20 18:58:52
