Log file open, 12/09/20 19:01:04
LogD3D11RHI: Loaded GFSDK_Aftermath_Lib.x64.dll
LogInit: Using libcurl 7.55.1-DEV
LogInit:  - built for x86_64-pc-win32
LogInit:  - supports SSL with OpenSSL/1.1.1
LogInit:  - supports HTTP deflate (compression) using libz 1.2.8
LogInit:  - other features:
LogInit:      CURL_VERSION_SSL
LogInit:      CURL_VERSION_LIBZ
LogInit:      CURL_VERSION_IPV6
LogInit:      CURL_VERSION_ASYNCHDNS
LogInit:      CURL_VERSION_LARGEFILE
LogInit:      CURL_VERSION_IDN
LogInit:  CurlRequestOptions (configurable via config and command line):
LogInit:  - bVerifyPeer = true  - Libcurl will verify peer certificate
LogInit:  - bUseHttpProxy = false  - Libcurl will NOT use HTTP proxy
LogInit:  - bDontReuseConnections = false  - Libcurl will reuse connections
LogInit:  - MaxHostConnections = 16  - Libcurl will limit the number of connections to a host
LogInit:  - LocalHostAddr = Default
LogInit:  - BufferSize = 65536
LogInit: WinSock: version 1.1 (2.2), MaxSocks=32767, MaxUdp=65467
LogInit: Build: ++UE4+Release-4.24-CL-0
LogInit: Engine Version: 4.24.3-0+++UE4+Release-4.24
LogInit: Compatible Engine Version: 4.24.0-0+++UE4+Release-4.24
LogInit: Net CL: 0
LogInit: OS: Windows 10 (Release 2004) (), CPU: AMD Ryzen 5 3600 6-Core Processor              , GPU: Radeon RX 570 Series
LogInit: Compiled (64-bit): Sep 15 2020 18:19:18
LogInit: Compiled with Visual C++: 19.16.27034.00
LogInit: Build Configuration: Shipping
LogInit: Branch Name: ++UE4+Release-4.24
LogInit: Command Line:  -ENV=Prod -LAUNCHER_VERSION=1.10.37.0
LogInit: Base Directory: C:/ProgramData/Manticore Games/Core/Platform/Binaries/Win64/
LogInit: Installed Engine Build: 1
LogInit: Presizing for max 2097152 objects, including 1 objects not considered by GC, pre-allocating 0 bytes for permanent pool.
LogInit: Object subsystem initialized
[2020.12.10-01.01.05:616][  0]LogInit: Selected Device Profile: [WindowsNoEditor]
[2020.12.10-01.01.05:616][  0]LogInit: Applying CVar settings loaded from the selected device profile: [WindowsNoEditor]
[2020.12.10-01.01.05:618][  0]LogInit: Going up to parent DeviceProfile [Windows]
[2020.12.10-01.01.05:618][  0]LogInit: Going up to parent DeviceProfile []
[2020.12.10-01.01.05:618][  0]LogInit: CPU Page size=4096, Cores=6
[2020.12.10-01.01.05:618][  0]LogInit: High frequency timer resolution =10.000000 MHz
[2020.12.10-01.01.05:618][  0]LogMemory: Platform Memory Stats for WindowsNoEditor
[2020.12.10-01.01.05:619][  0]LogMemory: Process Physical Memory: 109.80 MB used, 109.80 MB peak
[2020.12.10-01.01.05:619][  0]LogMemory: Process Virtual Memory: 128.33 MB used, 128.33 MB peak
[2020.12.10-01.01.05:619][  0]LogMemory: Physical Memory: 4722.78 MB used,  3419.57 MB free, 8142.34 MB total
[2020.12.10-01.01.05:619][  0]LogMemory: Virtual Memory: 4594.96 MB used,  134213136.00 MB free, 134217728.00 MB total
[2020.12.10-01.01.06:004][  0]LogInit: Using OS detected language (en-US).
[2020.12.10-01.01.06:004][  0]LogInit: Using OS detected locale (en-US).
[2020.12.10-01.01.06:040][  0]LogInit: Setting process to per monitor DPI aware
[2020.12.10-01.01.06:444][  0]LogD3D11RHI: D3D11 min allowed feature level: 11_0
[2020.12.10-01.01.06:444][  0]LogD3D11RHI: D3D11 max allowed feature level: 11_0
[2020.12.10-01.01.06:444][  0]LogD3D11RHI: D3D11 adapters:
[2020.12.10-01.01.07:252][  0]LogD3D11RHI:    0. 'Radeon RX 570 Series' (Feature Level 11_0)
[2020.12.10-01.01.07:253][  0]LogD3D11RHI:       4041/0/4071 MB DedicatedVideo/DedicatedSystem/SharedSystem, Outputs:2, VendorId:0x1002
[2020.12.10-01.01.07:442][  0]LogD3D11RHI:    1. 'Microsoft Basic Render Driver' (Feature Level 11_0)
[2020.12.10-01.01.07:442][  0]LogD3D11RHI:       0/0/4071 MB DedicatedVideo/DedicatedSystem/SharedSystem, Outputs:0, VendorId:0x1414
[2020.12.10-01.01.07:442][  0]LogD3D11RHI: Chosen D3D11 Adapter: 0
[2020.12.10-01.01.07:453][  0]LogD3D11RHI: Creating new Direct3DDevice
[2020.12.10-01.01.07:453][  0]LogD3D11RHI:     GPU DeviceId: 0x67df (for the marketing name, search the web for "GPU Device Id")
[2020.12.10-01.01.07:455][  0]LogD3D11RHI:     Adapter Name: Radeon RX 570 Series
[2020.12.10-01.01.07:455][  0]LogD3D11RHI:   Driver Version: Adrenalin 19.20 (internal:26.20.12028.2, unified:26.20.12028.2)
[2020.12.10-01.01.07:455][  0]LogD3D11RHI:      Driver Date: 8-16-2019
[2020.12.10-01.01.07:455][  0]LogRHI: Texture pool is 2828 MB (70% of 4041 MB)
[2020.12.10-01.01.09:122][  0]LogD3D11RHI: RHI does not have support for 64 bit atomics
[2020.12.10-01.01.09:122][  0]LogD3D11RHI: Async texture creation enabled
[2020.12.10-01.01.09:161][  0]LogD3D11RHI: GPU Timing Frequency: 25.000000 (Debug: 2 1)
[2020.12.10-01.01.10:686][  0]LogInit: Using OS detected language (en-US).
[2020.12.10-01.01.10:686][  0]LogInit: Using OS detected locale (en-US).
[2020.12.10-01.01.11:598][  0]LogInit: Selected Device Profile: [WindowsNoEditor]
[2020.12.10-01.01.11:671][  0]LogNetVersion: Platform 1.0.0, NetCL: 0, EngineNetVer: 13, GameNetVer: 0 (Checksum: 379290945)
[2020.12.10-01.01.13:026][  0]PlatformStorage: Migrating GlobalInputOverrides
[2020.12.10-01.01.13:570][  0]PlatformStorage: Verbose: Reading ../../../Platform/Config/ directory structure took 2.828800ms
[2020.12.10-01.01.13:570][  0]PlatformStorage: Verbose: Lambda: OnComplete took 0.001700ms
[2020.12.10-01.01.13:570][  0]PlatformStorage: Verbose: Lambda: OnComplete took 0.001500ms
[2020.12.10-01.01.13:570][  0]LogEngine: Initializing Engine...
[2020.12.10-01.01.13:873][  0]LogInit: Initializing FReadOnlyCVARCache
[2020.12.10-01.01.14:520][  0]LogInit: FAudioDevice initialized.
[2020.12.10-01.01.14:520][  0]LogNetVersion: Set ProjectVersion to 1.0.0.0. Version Checksum will be recalculated on next use.
[2020.12.10-01.01.14:520][  0]LogInit: Texture streaming: Enabled
[2020.12.10-01.01.18:975][  0]PlatformInit: Display: Platform Build Version: 1.0.170-prod-s
[2020.12.10-01.01.22:600][  0]LogInit: Display: Game Engine Initialized.
[2020.12.10-01.01.22:604][  0]LogInit: Display: Starting Game.
[2020.12.10-01.01.22:604][  0]LogNet: Browse: /Game/Levels/Main?Name=Player
[2020.12.10-01.01.22:704][  0]LogLoad: LoadMap: /Game/Levels/Main?Name=Player
[2020.12.10-01.01.22:704][  0]LogWorld: BeginTearingDown for /Temp/Untitled_28
[2020.12.10-01.01.22:705][  0]LogWorld: UWorld::CleanupWorld for Untitled, bSessionEnded=true, bCleanupResources=true
[2020.12.10-01.01.22:853][  0]LogLoad: Game class is 'bp_MainGameMode_C'
[2020.12.10-01.01.22:854][  0]LogWorld: Bringing World /Game/Levels/Main.Main up for play (max tick rate 0) at 2020.12.09-19.01.22
[2020.12.10-01.01.22:854][  0]LogWorld: Bringing up level for play took: 0.000216
[2020.12.10-01.01.23:467][  0]LogLoad: Took 0.762267 seconds to LoadMap(/Game/Levels/Main)
[2020.12.10-01.01.23:467][  0]LogLoad: (Engine Initialization) Total time: 24.46 seconds
[2020.12.10-01.11.04:313][407]LogD3D11RHI: Timed out while waiting for GPU to catch up. (0.5 s) (ErrorCode 00000001)
[2020.12.10-02.27.31:661][989]LogNet: Browse: /Game/Levels/FrontEnd
[2020.12.10-02.27.31:661][989]LogLoad: LoadMap: /Game/Levels/FrontEnd
[2020.12.10-02.27.31:661][989]LogWorld: BeginTearingDown for /Game/Levels/Main
[2020.12.10-02.27.31:668][989]LogWorld: UWorld::CleanupWorld for Main, bSessionEnded=true, bCleanupResources=true
[2020.12.10-02.27.33:696][989]LogLoad: Game class is 'bp_FrontEndGameMode_C'
[2020.12.10-02.27.33:713][989]LogWorld: Bringing World /Game/Levels/FrontEnd.FrontEnd up for play (max tick rate 30) at 2020.12.09-20.27.33
[2020.12.10-02.27.33:718][989]LogWorld: Bringing up level for play took: 0.004956
[2020.12.10-02.27.33:720][989]LogLoad: Took 2.059375 seconds to LoadMap(/Game/Levels/FrontEnd)
[2020.12.10-02.28.19:640][123]LogEngine: All Windows Closed
[2020.12.10-02.28.19:640][123]LogExit: RequestExit(0, 0, 000000000391DA72)
[2020.12.10-02.28.19:664][124]LogInit: Display: PreExit Game.
[2020.12.10-02.28.19:666][124]LogWorld: BeginTearingDown for /Game/Levels/FrontEnd
[2020.12.10-02.28.19:667][124]LogWorld: UWorld::CleanupWorld for FrontEnd, bSessionEnded=true, bCleanupResources=true
[2020.12.10-02.28.19:667][124]LogWorld: UWorld::CleanupWorld for AvatarEditorLighting, bSessionEnded=true, bCleanupResources=true
[2020.12.10-02.28.19:667][124]LogWorld: UWorld::CleanupWorld for AvatarEditorLogic, bSessionEnded=true, bCleanupResources=true
[2020.12.10-02.28.19:667][124]LogWorld: UWorld::CleanupWorld for character_select_room_option000, bSessionEnded=true, bCleanupResources=true
[2020.12.10-02.28.19:667][124]LogWorld: BeginTearingDown for /Engine/Transient
[2020.12.10-02.28.19:667][124]LogWorld: UWorld::CleanupWorld for World_0, bSessionEnded=true, bCleanupResources=true
[2020.12.10-02.28.19:668][124]LogWorld: BeginTearingDown for /Engine/Transient
[2020.12.10-02.28.19:668][124]LogWorld: UWorld::CleanupWorld for World_1, bSessionEnded=true, bCleanupResources=true
[2020.12.10-02.28.20:207][124]LogExit: Preparing to exit.
[2020.12.10-02.28.20:241][124]LogWorld: UWorld::CleanupWorld for World_0, bSessionEnded=true, bCleanupResources=true
[2020.12.10-02.28.20:243][124]LogWorld: UWorld::CleanupWorld for World_1, bSessionEnded=true, bCleanupResources=true
[2020.12.10-02.28.20:251][124]LogExit: Game engine shut down
[2020.12.10-02.28.20:385][124]LogExit: Object subsystem successfully closed.
[2020.12.10-02.28.20:475][124]LogD3D11RHI: Shutdown
[2020.12.10-02.28.20:475][124]LogD3D11RHI: CleanupD3DDevice
[2020.12.10-02.28.20:520][124]LogExit: Exiting.
[2020.12.10-02.28.20:583][124]Log file closed, 12/09/20 20:28:20
